c:\users\vrabi\onedrive\documents\github\proiect3poo\x64\debug\vc143.pdb
c:\users\vrabi\onedrive\documents\github\proiect3poo\x64\debug\vc143.idb
c:\users\vrabi\onedrive\documents\github\proiect3poo\x64\debug\proiect3poo.obj
c:\users\vrabi\onedrive\documents\github\proiect3poo\x64\debug\proiect3poo.pdb
c:\users\vrabi\onedrive\documents\github\proiect3poo\x64\debug\proiect3poo.tlog\cl.command.1.tlog
c:\users\vrabi\onedrive\documents\github\proiect3poo\x64\debug\proiect3poo.tlog\cl.read.1.tlog
c:\users\vrabi\onedrive\documents\github\proiect3poo\x64\debug\proiect3poo.tlog\cl.write.1.tlog
c:\users\vrabi\onedrive\documents\github\proiect3poo\x64\debug\proiect3poo.tlog\link-cvtres.read.1.tlog
c:\users\vrabi\onedrive\documents\github\proiect3poo\x64\debug\proiect3poo.tlog\link-cvtres.write.1.tlog
c:\users\vrabi\onedrive\documents\github\proiect3poo\x64\debug\proiect3poo.tlog\link-rc.read.1.tlog
c:\users\vrabi\onedrive\documents\github\proiect3poo\x64\debug\proiect3poo.tlog\link-rc.write.1.tlog
c:\users\vrabi\onedrive\documents\github\proiect3poo\x64\debug\proiect3poo.tlog\link.14844-cvtres.read.1.tlog
c:\users\vrabi\onedrive\documents\github\proiect3poo\x64\debug\proiect3poo.tlog\link.14844-cvtres.write.1.tlog
c:\users\vrabi\onedrive\documents\github\proiect3poo\x64\debug\proiect3poo.tlog\link.14844-rc.read.1.tlog
c:\users\vrabi\onedrive\documents\github\proiect3poo\x64\debug\proiect3poo.tlog\link.14844-rc.write.1.tlog
c:\users\vrabi\onedrive\documents\github\proiect3poo\x64\debug\proiect3poo.tlog\link.14844.read.1.tlog
c:\users\vrabi\onedrive\documents\github\proiect3poo\x64\debug\proiect3poo.tlog\link.14844.read.2.tlog
c:\users\vrabi\onedrive\documents\github\proiect3poo\x64\debug\proiect3poo.tlog\link.14844.write.1.tlog
c:\users\vrabi\onedrive\documents\github\proiect3poo\x64\debug\proiect3poo.tlog\link.command.1.tlog
c:\users\vrabi\onedrive\documents\github\proiect3poo\x64\debug\proiect3poo.tlog\link.read.1.tlog
c:\users\vrabi\onedrive\documents\github\proiect3poo\x64\debug\proiect3poo.tlog\link.read.2.tlog
c:\users\vrabi\onedrive\documents\github\proiect3poo\x64\debug\proiect3poo.tlog\link.read.3.tlog
c:\users\vrabi\onedrive\documents\github\proiect3poo\x64\debug\proiect3poo.tlog\link.write.1.tlog
